<?xml version="1.0" encoding="UTF-8"?>
<testsuite xmlns:xsi="http://www.w3.org/2001/XMLSchema-instance" xsi:noNamespaceSchemaLocation="https://maven.apache.org/surefire/maven-surefire-plugin/xsd/surefire-test-report-3.0.xsd" version="3.0" name="com.enterprise.dependency.adapter.ApiGatewayAdapterTest" time="0.123" tests="8" errors="0" skipped="0" failures="0">
  <properties>
    <property name="java.specification.version" value="24"/>
    <property name="sun.jnu.encoding" value="UTF-8"/>
    <property name="java.class.path" value="/Users/theamol/Downloads/fresh/Maven/dependency-matrix/target/test-classes:/Users/theamol/Downloads/fresh/Maven/dependency-matrix/target/classes:/Users/theamol/.m2/repository/org/springframework/boot/spring-boot-starter/2.7.18/spring-boot-starter-2.7.18.jar:/Users/theamol/.m2/repository/org/springframework/boot/spring-boot/2.7.18/spring-boot-2.7.18.jar:/Users/theamol/.m2/repository/org/springframework/spring-context/5.3.31/spring-context-5.3.31.jar:/Users/theamol/.m2/repository/org/springframework/boot/spring-boot-autoconfigure/2.7.18/spring-boot-autoconfigure-2.7.18.jar:/Users/theamol/.m2/repository/org/springframework/boot/spring-boot-starter-logging/2.7.18/spring-boot-starter-logging-2.7.18.jar:/Users/theamol/.m2/repository/ch/qos/logback/logback-classic/1.2.12/logback-classic-1.2.12.jar:/Users/theamol/.m2/repository/ch/qos/logback/logback-core/1.2.12/logback-core-1.2.12.jar:/Users/theamol/.m2/repository/org/apache/logging/log4j/log4j-to-slf4j/2.17.2/log4j-to-slf4j-2.17.2.jar:/Users/theamol/.m2/repository/org/apache/logging/log4j/log4j-api/2.17.2/log4j-api-2.17.2.jar:/Users/theamol/.m2/repository/org/slf4j/jul-to-slf4j/1.7.36/jul-to-slf4j-1.7.36.jar:/Users/theamol/.m2/repository/jakarta/annotation/jakarta.annotation-api/1.3.5/jakarta.annotation-api-1.3.5.jar:/Users/theamol/.m2/repository/org/springframework/spring-core/5.3.31/spring-core-5.3.31.jar:/Users/theamol/.m2/repository/org/springframework/spring-jcl/5.3.31/spring-jcl-5.3.31.jar:/Users/theamol/.m2/repository/org/yaml/snakeyaml/1.30/snakeyaml-1.30.jar:/Users/theamol/.m2/repository/org/springframework/boot/spring-boot-starter-data-jpa/2.7.18/spring-boot-starter-data-jpa-2.7.18.jar:/Users/theamol/.m2/repository/org/springframework/boot/spring-boot-starter-aop/2.7.18/spring-boot-starter-aop-2.7.18.jar:/Users/theamol/.m2/repository/org/springframework/spring-aop/5.3.31/spring-aop-5.3.31.jar:/Users/theamol/.m2/repository/org/aspectj/aspectjweaver/1.9.7/aspectjweaver-1.9.7.jar:/Users/theamol/.m2/repository/org/springframework/boot/spring-boot-starter-jdbc/2.7.18/spring-boot-starter-jdbc-2.7.18.jar:/Users/theamol/.m2/repository/com/zaxxer/HikariCP/4.0.3/HikariCP-4.0.3.jar:/Users/theamol/.m2/repository/org/springframework/spring-jdbc/5.3.31/spring-jdbc-5.3.31.jar:/Users/theamol/.m2/repository/jakarta/transaction/jakarta.transaction-api/1.3.3/jakarta.transaction-api-1.3.3.jar:/Users/theamol/.m2/repository/jakarta/persistence/jakarta.persistence-api/2.2.3/jakarta.persistence-api-2.2.3.jar:/Users/theamol/.m2/repository/org/hibernate/hibernate-core/5.6.15.Final/hibernate-core-5.6.15.Final.jar:/Users/theamol/.m2/repository/org/jboss/logging/jboss-logging/3.4.3.Final/jboss-logging-3.4.3.Final.jar:/Users/theamol/.m2/repository/antlr/antlr/2.7.7/antlr-2.7.7.jar:/Users/theamol/.m2/repository/org/jboss/jandex/2.4.2.Final/jandex-2.4.2.Final.jar:/Users/theamol/.m2/repository/com/fasterxml/classmate/1.5.1/classmate-1.5.1.jar:/Users/theamol/.m2/repository/org/hibernate/common/hibernate-commons-annotations/5.1.2.Final/hibernate-commons-annotations-5.1.2.Final.jar:/Users/theamol/.m2/repository/org/springframework/data/spring-data-jpa/2.7.18/spring-data-jpa-2.7.18.jar:/Users/theamol/.m2/repository/org/springframework/data/spring-data-commons/2.7.18/spring-data-commons-2.7.18.jar:/Users/theamol/.m2/repository/org/springframework/spring-orm/5.3.31/spring-orm-5.3.31.jar:/Users/theamol/.m2/repository/org/springframework/spring-tx/5.3.31/spring-tx-5.3.31.jar:/Users/theamol/.m2/repository/org/springframework/spring-beans/5.3.31/spring-beans-5.3.31.jar:/Users/theamol/.m2/repository/org/slf4j/slf4j-api/1.7.32/slf4j-api-1.7.32.jar:/Users/theamol/.m2/repository/org/springframework/spring-aspects/5.3.31/spring-aspects-5.3.31.jar:/Users/theamol/.m2/repository/org/postgresql/postgresql/42.7.3/postgresql-42.7.3.jar:/Users/theamol/.m2/repository/org/checkerframework/checker-qual/3.42.0/checker-qual-3.42.0.jar:/Users/theamol/.m2/repository/org/springframework/boot/spring-boot-starter-data-neo4j/2.7.18/spring-boot-starter-data-neo4j-2.7.18.jar:/Users/theamol/.m2/repository/org/springframework/data/spring-data-neo4j/6.3.18/spring-data-neo4j-6.3.18.jar:/Users/theamol/.m2/repository/org/apiguardian/apiguardian-api/1.1.1/apiguardian-api-1.1.1.jar:/Users/theamol/.m2/repository/org/neo4j/neo4j-cypher-dsl/2022.8.5/neo4j-cypher-dsl-2022.8.5.jar:/Users/theamol/.m2/repository/org/neo4j/driver/neo4j-java-driver/4.4.12/neo4j-java-driver-4.4.12.jar:/Users/theamol/.m2/repository/org/reactivestreams/reactive-streams/1.0.4/reactive-streams-1.0.4.jar:/Users/theamol/.m2/repository/org/springframework/boot/spring-boot-starter-validation/2.7.18/spring-boot-starter-validation-2.7.18.jar:/Users/theamol/.m2/repository/org/apache/tomcat/embed/tomcat-embed-el/9.0.83/tomcat-embed-el-9.0.83.jar:/Users/theamol/.m2/repository/org/hibernate/validator/hibernate-validator/6.2.5.Final/hibernate-validator-6.2.5.Final.jar:/Users/theamol/.m2/repository/jakarta/validation/jakarta.validation-api/2.0.2/jakarta.validation-api-2.0.2.jar:/Users/theamol/.m2/repository/org/projectlombok/lombok/1.18.32/lombok-1.18.32.jar:/Users/theamol/.m2/repository/org/junit/jupiter/junit-jupiter/5.10.2/junit-jupiter-5.10.2.jar:/Users/theamol/.m2/repository/org/junit/jupiter/junit-jupiter-api/5.10.2/junit-jupiter-api-5.10.2.jar:/Users/theamol/.m2/repository/org/opentest4j/opentest4j/1.3.0/opentest4j-1.3.0.jar:/Users/theamol/.m2/repository/org/junit/platform/junit-platform-commons/1.10.2/junit-platform-commons-1.10.2.jar:/Users/theamol/.m2/repository/org/junit/jupiter/junit-jupiter-params/5.10.2/junit-jupiter-params-5.10.2.jar:/Users/theamol/.m2/repository/org/junit/jupiter/junit-jupiter-engine/5.10.2/junit-jupiter-engine-5.10.2.jar:/Users/theamol/.m2/repository/org/junit/platform/junit-platform-engine/1.10.2/junit-platform-engine-1.10.2.jar:/Users/theamol/.m2/repository/org/mockito/mockito-core/5.2.0/mockito-core-5.2.0.jar:/Users/theamol/.m2/repository/net/bytebuddy/byte-buddy/1.14.1/byte-buddy-1.14.1.jar:/Users/theamol/.m2/repository/net/bytebuddy/byte-buddy-agent/1.14.1/byte-buddy-agent-1.14.1.jar:/Users/theamol/.m2/repository/org/objenesis/objenesis/3.3/objenesis-3.3.jar:/Users/theamol/.m2/repository/org/springframework/boot/spring-boot-starter-web/2.7.18/spring-boot-starter-web-2.7.18.jar:/Users/theamol/.m2/repository/org/springframework/boot/spring-boot-starter-json/2.7.18/spring-boot-starter-json-2.7.18.jar:/Users/theamol/.m2/repository/com/fasterxml/jackson/core/jackson-databind/2.13.5/jackson-databind-2.13.5.jar:/Users/theamol/.m2/repository/com/fasterxml/jackson/core/jackson-annotations/2.13.5/jackson-annotations-2.13.5.jar:/Users/theamol/.m2/repository/com/fasterxml/jackson/core/jackson-core/2.13.5/jackson-core-2.13.5.jar:/Users/theamol/.m2/repository/com/fasterxml/jackson/datatype/jackson-datatype-jdk8/2.13.5/jackson-datatype-jdk8-2.13.5.jar:/Users/theamol/.m2/repository/com/fasterxml/jackson/datatype/jackson-datatype-jsr310/2.13.5/jackson-datatype-jsr310-2.13.5.jar:/Users/theamol/.m2/repository/com/fasterxml/jackson/module/jackson-module-parameter-names/2.13.5/jackson-module-parameter-names-2.13.5.jar:/Users/theamol/.m2/repository/org/springframework/boot/spring-boot-starter-tomcat/2.7.18/spring-boot-starter-tomcat-2.7.18.jar:/Users/theamol/.m2/repository/org/apache/tomcat/embed/tomcat-embed-core/9.0.83/tomcat-embed-core-9.0.83.jar:/Users/theamol/.m2/repository/org/apache/tomcat/embed/tomcat-embed-websocket/9.0.83/tomcat-embed-websocket-9.0.83.jar:/Users/theamol/.m2/repository/org/springframework/spring-web/5.3.31/spring-web-5.3.31.jar:/Users/theamol/.m2/repository/org/springframework/spring-webmvc/5.3.31/spring-webmvc-5.3.31.jar:/Users/theamol/.m2/repository/org/springframework/spring-expression/5.3.31/spring-expression-5.3.31.jar:/Users/theamol/.m2/repository/org/springframework/boot/spring-boot-starter-test/2.7.18/spring-boot-starter-test-2.7.18.jar:/Users/theamol/.m2/repository/org/springframework/boot/spring-boot-test/2.7.18/spring-boot-test-2.7.18.jar:/Users/theamol/.m2/repository/org/springframework/boot/spring-boot-test-autoconfigure/2.7.18/spring-boot-test-autoconfigure-2.7.18.jar:/Users/theamol/.m2/repository/com/jayway/jsonpath/json-path/2.7.0/json-path-2.7.0.jar:/Users/theamol/.m2/repository/net/minidev/json-smart/2.4.7/json-smart-2.4.7.jar:/Users/theamol/.m2/repository/net/minidev/accessors-smart/2.4.7/accessors-smart-2.4.7.jar:/Users/theamol/.m2/repository/org/ow2/asm/asm/9.1/asm-9.1.jar:/Users/theamol/.m2/repository/jakarta/xml/bind/jakarta.xml.bind-api/2.3.3/jakarta.xml.bind-api-2.3.3.jar:/Users/theamol/.m2/repository/jakarta/activation/jakarta.activation-api/1.2.2/jakarta.activation-api-1.2.2.jar:/Users/theamol/.m2/repository/org/assertj/assertj-core/3.22.0/assertj-core-3.22.0.jar:/Users/theamol/.m2/repository/org/hamcrest/hamcrest/2.2/hamcrest-2.2.jar:/Users/theamol/.m2/repository/org/mockito/mockito-junit-jupiter/4.5.1/mockito-junit-jupiter-4.5.1.jar:/Users/theamol/.m2/repository/org/skyscreamer/jsonassert/1.5.1/jsonassert-1.5.1.jar:/Users/theamol/.m2/repository/com/vaadin/external/google/android-json/0.0.20131108.vaadin1/android-json-0.0.20131108.vaadin1.jar:/Users/theamol/.m2/repository/org/springframework/spring-test/5.3.31/spring-test-5.3.31.jar:/Users/theamol/.m2/repository/org/xmlunit/xmlunit-core/2.9.1/xmlunit-core-2.9.1.jar:/Users/theamol/.m2/repository/javax/xml/bind/jaxb-api/2.3.1/jaxb-api-2.3.1.jar:/Users/theamol/.m2/repository/javax/activation/javax.activation-api/1.2.0/javax.activation-api-1.2.0.jar:/Users/theamol/.m2/repository/org/glassfish/jaxb/jaxb-runtime/2.3.1/jaxb-runtime-2.3.1.jar:/Users/theamol/.m2/repository/org/glassfish/jaxb/txw2/2.3.1/txw2-2.3.1.jar:/Users/theamol/.m2/repository/com/sun/istack/istack-commons-runtime/3.0.7/istack-commons-runtime-3.0.7.jar:/Users/theamol/.m2/repository/org/jvnet/staxex/stax-ex/1.8/stax-ex-1.8.jar:/Users/theamol/.m2/repository/com/sun/xml/fastinfoset/FastInfoset/1.2.15/FastInfoset-1.2.15.jar:"/>
    <property name="java.vm.vendor" value="Homebrew"/>
    <property name="sun.arch.data.model" value="64"/>
    <property name="java.vendor.url" value="https://github.com/Homebrew/homebrew-core/issues"/>
    <property name="user.timezone" value="Asia/Qatar"/>
    <property name="os.name" value="Mac OS X"/>
    <property name="java.vm.specification.version" value="24"/>
    <property name="sun.java.launcher" value="SUN_STANDARD"/>
    <property name="user.country" value="QA"/>
    <property name="sun.boot.library.path" value="/opt/homebrew/Cellar/openjdk/24.0.1/libexec/openjdk.jdk/Contents/Home/lib"/>
    <property name="sun.java.command" value="/Users/theamol/Downloads/fresh/Maven/dependency-matrix/target/surefire/surefirebooter-20250705031100562_3.jar /Users/theamol/Downloads/fresh/Maven/dependency-matrix/target/surefire 2025-07-05T03-11-00_526-jvmRun1 surefire-20250705031100562_1tmp surefire_0-20250705031100562_2tmp"/>
    <property name="http.nonProxyHosts" value="local|*.local|169.254/16|*.169.254/16"/>
    <property name="jdk.debug" value="release"/>
    <property name="surefire.test.class.path" value="/Users/theamol/Downloads/fresh/Maven/dependency-matrix/target/test-classes:/Users/theamol/Downloads/fresh/Maven/dependency-matrix/target/classes:/Users/theamol/.m2/repository/org/springframework/boot/spring-boot-starter/2.7.18/spring-boot-starter-2.7.18.jar:/Users/theamol/.m2/repository/org/springframework/boot/spring-boot/2.7.18/spring-boot-2.7.18.jar:/Users/theamol/.m2/repository/org/springframework/spring-context/5.3.31/spring-context-5.3.31.jar:/Users/theamol/.m2/repository/org/springframework/boot/spring-boot-autoconfigure/2.7.18/spring-boot-autoconfigure-2.7.18.jar:/Users/theamol/.m2/repository/org/springframework/boot/spring-boot-starter-logging/2.7.18/spring-boot-starter-logging-2.7.18.jar:/Users/theamol/.m2/repository/ch/qos/logback/logback-classic/1.2.12/logback-classic-1.2.12.jar:/Users/theamol/.m2/repository/ch/qos/logback/logback-core/1.2.12/logback-core-1.2.12.jar:/Users/theamol/.m2/repository/org/apache/logging/log4j/log4j-to-slf4j/2.17.2/log4j-to-slf4j-2.17.2.jar:/Users/theamol/.m2/repository/org/apache/logging/log4j/log4j-api/2.17.2/log4j-api-2.17.2.jar:/Users/theamol/.m2/repository/org/slf4j/jul-to-slf4j/1.7.36/jul-to-slf4j-1.7.36.jar:/Users/theamol/.m2/repository/jakarta/annotation/jakarta.annotation-api/1.3.5/jakarta.annotation-api-1.3.5.jar:/Users/theamol/.m2/repository/org/springframework/spring-core/5.3.31/spring-core-5.3.31.jar:/Users/theamol/.m2/repository/org/springframework/spring-jcl/5.3.31/spring-jcl-5.3.31.jar:/Users/theamol/.m2/repository/org/yaml/snakeyaml/1.30/snakeyaml-1.30.jar:/Users/theamol/.m2/repository/org/springframework/boot/spring-boot-starter-data-jpa/2.7.18/spring-boot-starter-data-jpa-2.7.18.jar:/Users/theamol/.m2/repository/org/springframework/boot/spring-boot-starter-aop/2.7.18/spring-boot-starter-aop-2.7.18.jar:/Users/theamol/.m2/repository/org/springframework/spring-aop/5.3.31/spring-aop-5.3.31.jar:/Users/theamol/.m2/repository/org/aspectj/aspectjweaver/1.9.7/aspectjweaver-1.9.7.jar:/Users/theamol/.m2/repository/org/springframework/boot/spring-boot-starter-jdbc/2.7.18/spring-boot-starter-jdbc-2.7.18.jar:/Users/theamol/.m2/repository/com/zaxxer/HikariCP/4.0.3/HikariCP-4.0.3.jar:/Users/theamol/.m2/repository/org/springframework/spring-jdbc/5.3.31/spring-jdbc-5.3.31.jar:/Users/theamol/.m2/repository/jakarta/transaction/jakarta.transaction-api/1.3.3/jakarta.transaction-api-1.3.3.jar:/Users/theamol/.m2/repository/jakarta/persistence/jakarta.persistence-api/2.2.3/jakarta.persistence-api-2.2.3.jar:/Users/theamol/.m2/repository/org/hibernate/hibernate-core/5.6.15.Final/hibernate-core-5.6.15.Final.jar:/Users/theamol/.m2/repository/org/jboss/logging/jboss-logging/3.4.3.Final/jboss-logging-3.4.3.Final.jar:/Users/theamol/.m2/repository/antlr/antlr/2.7.7/antlr-2.7.7.jar:/Users/theamol/.m2/repository/org/jboss/jandex/2.4.2.Final/jandex-2.4.2.Final.jar:/Users/theamol/.m2/repository/com/fasterxml/classmate/1.5.1/classmate-1.5.1.jar:/Users/theamol/.m2/repository/org/hibernate/common/hibernate-commons-annotations/5.1.2.Final/hibernate-commons-annotations-5.1.2.Final.jar:/Users/theamol/.m2/repository/org/springframework/data/spring-data-jpa/2.7.18/spring-data-jpa-2.7.18.jar:/Users/theamol/.m2/repository/org/springframework/data/spring-data-commons/2.7.18/spring-data-commons-2.7.18.jar:/Users/theamol/.m2/repository/org/springframework/spring-orm/5.3.31/spring-orm-5.3.31.jar:/Users/theamol/.m2/repository/org/springframework/spring-tx/5.3.31/spring-tx-5.3.31.jar:/Users/theamol/.m2/repository/org/springframework/spring-beans/5.3.31/spring-beans-5.3.31.jar:/Users/theamol/.m2/repository/org/slf4j/slf4j-api/1.7.32/slf4j-api-1.7.32.jar:/Users/theamol/.m2/repository/org/springframework/spring-aspects/5.3.31/spring-aspects-5.3.31.jar:/Users/theamol/.m2/repository/org/postgresql/postgresql/42.7.3/postgresql-42.7.3.jar:/Users/theamol/.m2/repository/org/checkerframework/checker-qual/3.42.0/checker-qual-3.42.0.jar:/Users/theamol/.m2/repository/org/springframework/boot/spring-boot-starter-data-neo4j/2.7.18/spring-boot-starter-data-neo4j-2.7.18.jar:/Users/theamol/.m2/repository/org/springframework/data/spring-data-neo4j/6.3.18/spring-data-neo4j-6.3.18.jar:/Users/theamol/.m2/repository/org/apiguardian/apiguardian-api/1.1.1/apiguardian-api-1.1.1.jar:/Users/theamol/.m2/repository/org/neo4j/neo4j-cypher-dsl/2022.8.5/neo4j-cypher-dsl-2022.8.5.jar:/Users/theamol/.m2/repository/org/neo4j/driver/neo4j-java-driver/4.4.12/neo4j-java-driver-4.4.12.jar:/Users/theamol/.m2/repository/org/reactivestreams/reactive-streams/1.0.4/reactive-streams-1.0.4.jar:/Users/theamol/.m2/repository/org/springframework/boot/spring-boot-starter-validation/2.7.18/spring-boot-starter-validation-2.7.18.jar:/Users/theamol/.m2/repository/org/apache/tomcat/embed/tomcat-embed-el/9.0.83/tomcat-embed-el-9.0.83.jar:/Users/theamol/.m2/repository/org/hibernate/validator/hibernate-validator/6.2.5.Final/hibernate-validator-6.2.5.Final.jar:/Users/theamol/.m2/repository/jakarta/validation/jakarta.validation-api/2.0.2/jakarta.validation-api-2.0.2.jar:/Users/theamol/.m2/repository/org/projectlombok/lombok/1.18.32/lombok-1.18.32.jar:/Users/theamol/.m2/repository/org/junit/jupiter/junit-jupiter/5.10.2/junit-jupiter-5.10.2.jar:/Users/theamol/.m2/repository/org/junit/jupiter/junit-jupiter-api/5.10.2/junit-jupiter-api-5.10.2.jar:/Users/theamol/.m2/repository/org/opentest4j/opentest4j/1.3.0/opentest4j-1.3.0.jar:/Users/theamol/.m2/repository/org/junit/platform/junit-platform-commons/1.10.2/junit-platform-commons-1.10.2.jar:/Users/theamol/.m2/repository/org/junit/jupiter/junit-jupiter-params/5.10.2/junit-jupiter-params-5.10.2.jar:/Users/theamol/.m2/repository/org/junit/jupiter/junit-jupiter-engine/5.10.2/junit-jupiter-engine-5.10.2.jar:/Users/theamol/.m2/repository/org/junit/platform/junit-platform-engine/1.10.2/junit-platform-engine-1.10.2.jar:/Users/theamol/.m2/repository/org/mockito/mockito-core/5.2.0/mockito-core-5.2.0.jar:/Users/theamol/.m2/repository/net/bytebuddy/byte-buddy/1.14.1/byte-buddy-1.14.1.jar:/Users/theamol/.m2/repository/net/bytebuddy/byte-buddy-agent/1.14.1/byte-buddy-agent-1.14.1.jar:/Users/theamol/.m2/repository/org/objenesis/objenesis/3.3/objenesis-3.3.jar:/Users/theamol/.m2/repository/org/springframework/boot/spring-boot-starter-web/2.7.18/spring-boot-starter-web-2.7.18.jar:/Users/theamol/.m2/repository/org/springframework/boot/spring-boot-starter-json/2.7.18/spring-boot-starter-json-2.7.18.jar:/Users/theamol/.m2/repository/com/fasterxml/jackson/core/jackson-databind/2.13.5/jackson-databind-2.13.5.jar:/Users/theamol/.m2/repository/com/fasterxml/jackson/core/jackson-annotations/2.13.5/jackson-annotations-2.13.5.jar:/Users/theamol/.m2/repository/com/fasterxml/jackson/core/jackson-core/2.13.5/jackson-core-2.13.5.jar:/Users/theamol/.m2/repository/com/fasterxml/jackson/datatype/jackson-datatype-jdk8/2.13.5/jackson-datatype-jdk8-2.13.5.jar:/Users/theamol/.m2/repository/com/fasterxml/jackson/datatype/jackson-datatype-jsr310/2.13.5/jackson-datatype-jsr310-2.13.5.jar:/Users/theamol/.m2/repository/com/fasterxml/jackson/module/jackson-module-parameter-names/2.13.5/jackson-module-parameter-names-2.13.5.jar:/Users/theamol/.m2/repository/org/springframework/boot/spring-boot-starter-tomcat/2.7.18/spring-boot-starter-tomcat-2.7.18.jar:/Users/theamol/.m2/repository/org/apache/tomcat/embed/tomcat-embed-core/9.0.83/tomcat-embed-core-9.0.83.jar:/Users/theamol/.m2/repository/org/apache/tomcat/embed/tomcat-embed-websocket/9.0.83/tomcat-embed-websocket-9.0.83.jar:/Users/theamol/.m2/repository/org/springframework/spring-web/5.3.31/spring-web-5.3.31.jar:/Users/theamol/.m2/repository/org/springframework/spring-webmvc/5.3.31/spring-webmvc-5.3.31.jar:/Users/theamol/.m2/repository/org/springframework/spring-expression/5.3.31/spring-expression-5.3.31.jar:/Users/theamol/.m2/repository/org/springframework/boot/spring-boot-starter-test/2.7.18/spring-boot-starter-test-2.7.18.jar:/Users/theamol/.m2/repository/org/springframework/boot/spring-boot-test/2.7.18/spring-boot-test-2.7.18.jar:/Users/theamol/.m2/repository/org/springframework/boot/spring-boot-test-autoconfigure/2.7.18/spring-boot-test-autoconfigure-2.7.18.jar:/Users/theamol/.m2/repository/com/jayway/jsonpath/json-path/2.7.0/json-path-2.7.0.jar:/Users/theamol/.m2/repository/net/minidev/json-smart/2.4.7/json-smart-2.4.7.jar:/Users/theamol/.m2/repository/net/minidev/accessors-smart/2.4.7/accessors-smart-2.4.7.jar:/Users/theamol/.m2/repository/org/ow2/asm/asm/9.1/asm-9.1.jar:/Users/theamol/.m2/repository/jakarta/xml/bind/jakarta.xml.bind-api/2.3.3/jakarta.xml.bind-api-2.3.3.jar:/Users/theamol/.m2/repository/jakarta/activation/jakarta.activation-api/1.2.2/jakarta.activation-api-1.2.2.jar:/Users/theamol/.m2/repository/org/assertj/assertj-core/3.22.0/assertj-core-3.22.0.jar:/Users/theamol/.m2/repository/org/hamcrest/hamcrest/2.2/hamcrest-2.2.jar:/Users/theamol/.m2/repository/org/mockito/mockito-junit-jupiter/4.5.1/mockito-junit-jupiter-4.5.1.jar:/Users/theamol/.m2/repository/org/skyscreamer/jsonassert/1.5.1/jsonassert-1.5.1.jar:/Users/theamol/.m2/repository/com/vaadin/external/google/android-json/0.0.20131108.vaadin1/android-json-0.0.20131108.vaadin1.jar:/Users/theamol/.m2/repository/org/springframework/spring-test/5.3.31/spring-test-5.3.31.jar:/Users/theamol/.m2/repository/org/xmlunit/xmlunit-core/2.9.1/xmlunit-core-2.9.1.jar:/Users/theamol/.m2/repository/javax/xml/bind/jaxb-api/2.3.1/jaxb-api-2.3.1.jar:/Users/theamol/.m2/repository/javax/activation/javax.activation-api/1.2.0/javax.activation-api-1.2.0.jar:/Users/theamol/.m2/repository/org/glassfish/jaxb/jaxb-runtime/2.3.1/jaxb-runtime-2.3.1.jar:/Users/theamol/.m2/repository/org/glassfish/jaxb/txw2/2.3.1/txw2-2.3.1.jar:/Users/theamol/.m2/repository/com/sun/istack/istack-commons-runtime/3.0.7/istack-commons-runtime-3.0.7.jar:/Users/theamol/.m2/repository/org/jvnet/staxex/stax-ex/1.8/stax-ex-1.8.jar:/Users/theamol/.m2/repository/com/sun/xml/fastinfoset/FastInfoset/1.2.15/FastInfoset-1.2.15.jar:"/>
    <property name="sun.cpu.endian" value="little"/>
    <property name="user.home" value="/Users/theamol"/>
    <property name="user.language" value="en"/>
    <property name="java.specification.vendor" value="Oracle Corporation"/>
    <property name="java.version.date" value="2025-04-15"/>
    <property name="java.home" value="/opt/homebrew/Cellar/openjdk/24.0.1/libexec/openjdk.jdk/Contents/Home"/>
    <property name="file.separator" value="/"/>
    <property name="basedir" value="/Users/theamol/Downloads/fresh/Maven/dependency-matrix"/>
    <property name="java.vm.compressedOopsMode" value="Zero based"/>
    <property name="line.separator" value="&#10;"/>
    <property name="java.vm.specification.vendor" value="Oracle Corporation"/>
    <property name="java.specification.name" value="Java Platform API Specification"/>
    <property name="apple.awt.application.name" value="ForkedBooter"/>
    <property name="surefire.real.class.path" value="/Users/theamol/Downloads/fresh/Maven/dependency-matrix/target/surefire/surefirebooter-20250705031100562_3.jar"/>
    <property name="sun.management.compiler" value="HotSpot 64-Bit Tiered Compilers"/>
    <property name="ftp.nonProxyHosts" value="local|*.local|169.254/16|*.169.254/16"/>
    <property name="java.runtime.version" value="24.0.1"/>
    <property name="user.name" value="theamol"/>
    <property name="stdout.encoding" value="UTF-8"/>
    <property name="path.separator" value=":"/>
    <property name="os.version" value="15.5"/>
    <property name="java.runtime.name" value="OpenJDK Runtime Environment"/>
    <property name="file.encoding" value="UTF-8"/>
    <property name="java.vm.name" value="OpenJDK 64-Bit Server VM"/>
    <property name="java.vendor.version" value="Homebrew"/>
    <property name="localRepository" value="/Users/theamol/.m2/repository"/>
    <property name="java.vendor.url.bug" value="https://github.com/Homebrew/homebrew-core/issues"/>
    <property name="java.io.tmpdir" value="/var/folders/jd/kf25rktn1d39m9dm1q0md08h0000gn/T/"/>
    <property name="java.version" value="24.0.1"/>
    <property name="user.dir" value="/Users/theamol/Downloads/fresh/Maven/dependency-matrix"/>
    <property name="os.arch" value="aarch64"/>
    <property name="java.vm.specification.name" value="Java Virtual Machine Specification"/>
    <property name="native.encoding" value="UTF-8"/>
    <property name="java.library.path" value="/Users/theamol/Library/Java/Extensions:/Library/Java/Extensions:/Network/Library/Java/Extensions:/System/Library/Java/Extensions:/usr/lib/java:."/>
    <property name="java.vm.info" value="mixed mode, sharing"/>
    <property name="stderr.encoding" value="UTF-8"/>
    <property name="java.vendor" value="Homebrew"/>
    <property name="java.vm.version" value="24.0.1"/>
    <property name="sun.io.unicode.encoding" value="UnicodeBig"/>
    <property name="socksNonProxyHosts" value="local|*.local|169.254/16|*.169.254/16"/>
    <property name="java.class.version" value="68.0"/>
  </properties>
  <testcase name="shouldHandleAwsCloudWatchFormat" classname="com.enterprise.dependency.adapter.ApiGatewayAdapterTest" time="0.098">
    <system-out><![CDATA[03:11:00.915 [main] INFO com.enterprise.dependency.adapter.ApiGatewayAdapter - Parsing API Gateway logs in aws-cloudwatch format
03:11:00.928 [main] DEBUG com.enterprise.dependency.model.sources.ApiGatewayCall - Validated ApiGatewayCall: ApiGatewayCall{timestamp=2024-01-15T10:30:00Z, sourceService='unknown-client', targetService='users-service', endpoint='/api/users', method='GET', responseTime=125}
03:11:00.943 [main] DEBUG com.enterprise.dependency.model.core.Claim - Validated Claim: Claim{id='apigateway_bf4a79c1-e28e-4483-98aa-2d0a6320a5c8', sourceType='API_GATEWAY', rawData='GET /api/users [2024-01-15T10:30:00Z] 125ms', processedData='unknown-client -> users-service', timestamp=2024-01-15T10:30:00Z}
03:11:00.943 [main] INFO com.enterprise.dependency.adapter.ApiGatewayAdapter - Extracted 1 API call claims from aws-cloudwatch format logs
]]></system-out>
  </testcase>
  <testcase name="shouldParseJsonLogs" classname="com.enterprise.dependency.adapter.ApiGatewayAdapterTest" time="0.001">
    <system-out><![CDATA[03:11:00.945 [main] INFO com.enterprise.dependency.adapter.ApiGatewayAdapter - Parsing API Gateway logs in json format
03:11:00.945 [main] DEBUG com.enterprise.dependency.model.sources.ApiGatewayCall - Validated ApiGatewayCall: ApiGatewayCall{timestamp=2024-01-15T10:30:00Z, sourceService='web-portal', targetService='users-service', endpoint='/api/v1/users', method='GET', responseTime=125}
03:11:00.945 [main] DEBUG com.enterprise.dependency.model.core.Claim - Validated Claim: Claim{id='apigateway_36fd178c-e9a7-4b32-b4ba-250dfd8f882a', sourceType='API_GATEWAY', rawData='GET /api/v1/users [2024-01-15T10:30:00Z] 125ms', processedData='web-portal -> users-service', timestamp=2024-01-15T10:30:00Z}
03:11:00.945 [main] DEBUG com.enterprise.dependency.model.sources.ApiGatewayCall - Validated ApiGatewayCall: ApiGatewayCall{timestamp=2024-01-15T10:31:00Z, sourceService='mobile-app', targetService='orders-service', endpoint='/api/v1/orders', method='POST', responseTime=250}
03:11:00.946 [main] DEBUG com.enterprise.dependency.model.core.Claim - Validated Claim: Claim{id='apigateway_3069ad63-090d-4527-96d0-7f941295c063', sourceType='API_GATEWAY', rawData='POST /api/v1/orders [2024-01-15T10:31:00Z] 250ms', processedData='mobile-app -> orders-service', timestamp=2024-01-15T10:31:00Z}
03:11:00.946 [main] INFO com.enterprise.dependency.adapter.ApiGatewayAdapter - Extracted 2 API call claims from json format logs
]]></system-out>
  </testcase>
  <testcase name="shouldExtractTargetServiceFromEndpoints" classname="com.enterprise.dependency.adapter.ApiGatewayAdapterTest" time="0.002">
    <system-out><![CDATA[03:11:00.947 [main] INFO com.enterprise.dependency.adapter.ApiGatewayAdapter - Parsing API Gateway logs in json format
03:11:00.947 [main] DEBUG com.enterprise.dependency.model.sources.ApiGatewayCall - Validated ApiGatewayCall: ApiGatewayCall{timestamp=2024-01-15T10:30:00Z, sourceService='client', targetService='users-service', endpoint='/api/users', method='GET', responseTime=null}
03:11:00.947 [main] DEBUG com.enterprise.dependency.model.core.Claim - Validated Claim: Claim{id='apigateway_7da4c549-78ec-4335-9312-cbcebae5a49f', sourceType='API_GATEWAY', rawData='GET /api/users [2024-01-15T10:30:00Z] 0ms', processedData='client -> users-service', timestamp=2024-01-15T10:30:00Z}
03:11:00.947 [main] DEBUG com.enterprise.dependency.model.sources.ApiGatewayCall - Validated ApiGatewayCall: ApiGatewayCall{timestamp=2024-01-15T10:31:00Z, sourceService='client', targetService='products-service', endpoint='/v1/products', method='GET', responseTime=null}
03:11:00.947 [main] DEBUG com.enterprise.dependency.model.core.Claim - Validated Claim: Claim{id='apigateway_dd8c4ed2-3c36-4770-a31f-2566e04255a5', sourceType='API_GATEWAY', rawData='GET /v1/products [2024-01-15T10:31:00Z] 0ms', processedData='client -> products-service', timestamp=2024-01-15T10:31:00Z}
03:11:00.947 [main] DEBUG com.enterprise.dependency.model.sources.ApiGatewayCall - Validated ApiGatewayCall: ApiGatewayCall{timestamp=2024-01-15T10:32:00Z, sourceService='client', targetService='orders-service', endpoint='/orders/123', method='GET', responseTime=null}
03:11:00.947 [main] DEBUG com.enterprise.dependency.model.core.Claim - Validated Claim: Claim{id='apigateway_dcfa8dc6-e009-4f35-8bf2-359038d4a0bf', sourceType='API_GATEWAY', rawData='GET /orders/123 [2024-01-15T10:32:00Z] 0ms', processedData='client -> orders-service', timestamp=2024-01-15T10:32:00Z}
03:11:00.947 [main] DEBUG com.enterprise.dependency.model.sources.ApiGatewayCall - Validated ApiGatewayCall: ApiGatewayCall{timestamp=2024-01-15T10:33:00Z, sourceService='client', targetService='unknown-service', endpoint='/unknown/path/here', method='GET', responseTime=null}
03:11:00.947 [main] DEBUG com.enterprise.dependency.model.core.Claim - Validated Claim: Claim{id='apigateway_a26acba2-6fcb-4f11-a852-93b3522d599d', sourceType='API_GATEWAY', rawData='GET /unknown/path/here [2024-01-15T10:33:00Z] 0ms', processedData='client -> unknown-service', timestamp=2024-01-15T10:33:00Z}
03:11:00.948 [main] INFO com.enterprise.dependency.adapter.ApiGatewayAdapter - Extracted 4 API call claims from json format logs
]]></system-out>
  </testcase>
  <testcase name="shouldParseClfLogs" classname="com.enterprise.dependency.adapter.ApiGatewayAdapterTest" time="0.006">
    <system-out><![CDATA[03:11:00.948 [main] INFO com.enterprise.dependency.adapter.ApiGatewayAdapter - Parsing API Gateway logs in clf format
03:11:00.953 [main] DEBUG com.enterprise.dependency.model.sources.ApiGatewayCall - Validated ApiGatewayCall: ApiGatewayCall{timestamp=2024-01-15T10:30:00Z, sourceService='client-192-168-1-100', targetService='users-service', endpoint='/api/v1/users', method='GET', responseTime=125}
03:11:00.953 [main] DEBUG com.enterprise.dependency.model.core.Claim - Validated Claim: Claim{id='apigateway_def071ad-d21a-46a3-9b26-b96fb075cff9', sourceType='API_GATEWAY', rawData='GET /api/v1/users [2024-01-15T10:30:00Z] 125ms', processedData='client-192-168-1-100 -> users-service', timestamp=2024-01-15T10:30:00Z}
03:11:00.953 [main] DEBUG com.enterprise.dependency.model.sources.ApiGatewayCall - Validated ApiGatewayCall: ApiGatewayCall{timestamp=2024-01-15T10:31:00Z, sourceService='client-10-0-0-50', targetService='orders-service', endpoint='/api/v1/orders', method='POST', responseTime=250}
03:11:00.953 [main] DEBUG com.enterprise.dependency.model.core.Claim - Validated Claim: Claim{id='apigateway_5737fd30-367f-4fd0-9051-808f7e5b84f2', sourceType='API_GATEWAY', rawData='POST /api/v1/orders [2024-01-15T10:31:00Z] 250ms', processedData='client-10-0-0-50 -> orders-service', timestamp=2024-01-15T10:31:00Z}
03:11:00.954 [main] INFO com.enterprise.dependency.adapter.ApiGatewayAdapter - Extracted 2 API call claims from clf format logs
]]></system-out>
  </testcase>
  <testcase name="shouldDeriveSourceFromUserAgent" classname="com.enterprise.dependency.adapter.ApiGatewayAdapterTest" time="0.002">
    <system-out><![CDATA[03:11:00.956 [main] INFO com.enterprise.dependency.adapter.ApiGatewayAdapter - Parsing API Gateway logs in clf format
03:11:00.956 [main] DEBUG com.enterprise.dependency.model.sources.ApiGatewayCall - Validated ApiGatewayCall: ApiGatewayCall{timestamp=2024-01-15T10:30:00Z, sourceService='mobile-client', targetService='users-service', endpoint='/api/users', method='GET', responseTime=125}
03:11:00.956 [main] DEBUG com.enterprise.dependency.model.core.Claim - Validated Claim: Claim{id='apigateway_41a11053-b48b-4e4f-ad2f-f16f11248927', sourceType='API_GATEWAY', rawData='GET /api/users [2024-01-15T10:30:00Z] 125ms', processedData='mobile-client -> users-service', timestamp=2024-01-15T10:30:00Z}
03:11:00.956 [main] DEBUG com.enterprise.dependency.model.sources.ApiGatewayCall - Validated ApiGatewayCall: ApiGatewayCall{timestamp=2024-01-15T10:31:00Z, sourceService='order-service-proxy', targetService='orders-service', endpoint='/api/orders', method='POST', responseTime=250}
03:11:00.957 [main] DEBUG com.enterprise.dependency.model.core.Claim - Validated Claim: Claim{id='apigateway_09ec7ab3-ffc5-41b1-aa77-8de90cf1fe40', sourceType='API_GATEWAY', rawData='POST /api/orders [2024-01-15T10:31:00Z] 250ms', processedData='order-service-proxy -> orders-service', timestamp=2024-01-15T10:31:00Z}
03:11:00.957 [main] INFO com.enterprise.dependency.adapter.ApiGatewayAdapter - Extracted 2 API call claims from clf format logs
]]></system-out>
  </testcase>
  <testcase name="shouldCalculateConfidenceScores" classname="com.enterprise.dependency.adapter.ApiGatewayAdapterTest" time="0.002">
    <system-out><![CDATA[03:11:00.958 [main] INFO com.enterprise.dependency.adapter.ApiGatewayAdapter - Parsing API Gateway logs in json format
03:11:00.958 [main] DEBUG com.enterprise.dependency.model.sources.ApiGatewayCall - Validated ApiGatewayCall: ApiGatewayCall{timestamp=2024-01-15T10:30:00Z, sourceService='web-portal', targetService='users-service', endpoint='/api/v1/users', method='GET', responseTime=125}
03:11:00.958 [main] DEBUG com.enterprise.dependency.model.core.Claim - Validated Claim: Claim{id='apigateway_6698255c-a8f9-4de1-92da-686847a9fb57', sourceType='API_GATEWAY', rawData='GET /api/v1/users [2024-01-15T10:30:00Z] 125ms', processedData='web-portal -> users-service', timestamp=2024-01-15T10:30:00Z}
03:11:00.958 [main] DEBUG com.enterprise.dependency.model.sources.ApiGatewayCall - Validated ApiGatewayCall: ApiGatewayCall{timestamp=2024-01-15T10:31:00Z, sourceService='unknown', targetService='weird-path-service', endpoint='/weird-path', method='UNKNOWN', responseTime=5}
03:11:00.959 [main] DEBUG com.enterprise.dependency.model.core.Claim - Validated Claim: Claim{id='apigateway_0a6bf5ee-6948-46b1-ab81-99a262c52f6d', sourceType='API_GATEWAY', rawData='UNKNOWN /weird-path [2024-01-15T10:31:00Z] 5ms', processedData='unknown -> weird-path-service', timestamp=2024-01-15T10:31:00Z}
03:11:00.959 [main] DEBUG com.enterprise.dependency.model.sources.ApiGatewayCall - Validated ApiGatewayCall: ApiGatewayCall{timestamp=2024-01-15T10:32:00Z, sourceService='mobile-app', targetService='orders-service', endpoint='/api/v2/orders', method='POST', responseTime=15000}
03:11:00.959 [main] DEBUG com.enterprise.dependency.model.core.Claim - Validated Claim: Claim{id='apigateway_e57ea241-0ace-4ef8-b0d2-a5480824e9ab', sourceType='API_GATEWAY', rawData='POST /api/v2/orders [2024-01-15T10:32:00Z] 15000ms', processedData='mobile-app -> orders-service', timestamp=2024-01-15T10:32:00Z}
03:11:00.959 [main] INFO com.enterprise.dependency.adapter.ApiGatewayAdapter - Extracted 3 API call claims from json format logs
]]></system-out>
  </testcase>
  <testcase name="shouldHandleIncompleteLogEntries" classname="com.enterprise.dependency.adapter.ApiGatewayAdapterTest" time="0.005">
    <system-out><![CDATA[03:11:00.960 [main] INFO com.enterprise.dependency.adapter.ApiGatewayAdapter - Parsing API Gateway logs in json format
03:11:00.961 [main] DEBUG com.enterprise.dependency.adapter.ApiGatewayAdapter - Incomplete log entry (missing method, endpoint, or timestamp), skipping: {"timestamp":"2024-01-15T10:30:00Z"}
03:11:00.965 [main] DEBUG com.enterprise.dependency.adapter.ApiGatewayAdapter - Incomplete log entry (missing method, endpoint, or timestamp), skipping: {"method":"GET","path":"/api/users"}
03:11:00.965 [main] DEBUG com.enterprise.dependency.model.sources.ApiGatewayCall - Validated ApiGatewayCall: ApiGatewayCall{timestamp=2024-01-15T10:31:00Z, sourceService='client', targetService='orders-service', endpoint='/api/orders', method='POST', responseTime=null}
03:11:00.965 [main] DEBUG com.enterprise.dependency.model.core.Claim - Validated Claim: Claim{id='apigateway_cf76c477-e3f6-4562-8f87-bea3ef979082', sourceType='API_GATEWAY', rawData='POST /api/orders [2024-01-15T10:31:00Z] 0ms', processedData='client -> orders-service', timestamp=2024-01-15T10:31:00Z}
03:11:00.965 [main] INFO com.enterprise.dependency.adapter.ApiGatewayAdapter - Extracted 1 API call claims from json format logs
]]></system-out>
  </testcase>
  <testcase name="shouldHandleEmptyAndInvalidLogs" classname="com.enterprise.dependency.adapter.ApiGatewayAdapterTest" time="0.002">
    <system-out><![CDATA[03:11:00.967 [main] WARN com.enterprise.dependency.adapter.ApiGatewayAdapter - Empty log data provided for API Gateway parsing
03:11:00.967 [main] WARN com.enterprise.dependency.adapter.ApiGatewayAdapter - Empty log data provided for API Gateway parsing
03:11:00.967 [main] INFO com.enterprise.dependency.adapter.ApiGatewayAdapter - Parsing API Gateway logs in json format
03:11:00.967 [main] INFO com.enterprise.dependency.adapter.ApiGatewayAdapter - Extracted 0 API call claims from json format logs
03:11:00.967 [main] INFO com.enterprise.dependency.adapter.ApiGatewayAdapter - Parsing API Gateway logs in unsupported format
03:11:00.967 [main] WARN com.enterprise.dependency.adapter.ApiGatewayAdapter - Unsupported API Gateway log format: unsupported
03:11:00.967 [main] INFO com.enterprise.dependency.adapter.ApiGatewayAdapter - Extracted 0 API call claims from unsupported format logs
]]></system-out>
  </testcase>
</testsuite>