<?xml version="1.0" encoding="UTF-8"?>
<testsuite xmlns:xsi="http://www.w3.org/2001/XMLSchema-instance" xsi:noNamespaceSchemaLocation="https://maven.apache.org/surefire/maven-surefire-plugin/xsd/surefire-test-report-3.0.xsd" version="3.0" name="com.enterprise.dependency.engine.ConflictResolutionEngineTest" time="0.007" tests="8" errors="0" skipped="0" failures="0">
  <properties>
    <property name="java.specification.version" value="24"/>
    <property name="sun.jnu.encoding" value="UTF-8"/>
    <property name="java.class.path" value="/Users/theamol/Downloads/fresh/Maven/dependency-matrix/target/test-classes:/Users/theamol/Downloads/fresh/Maven/dependency-matrix/target/classes:/Users/theamol/.m2/repository/org/springframework/boot/spring-boot-starter/2.7.18/spring-boot-starter-2.7.18.jar:/Users/theamol/.m2/repository/org/springframework/boot/spring-boot/2.7.18/spring-boot-2.7.18.jar:/Users/theamol/.m2/repository/org/springframework/spring-context/5.3.31/spring-context-5.3.31.jar:/Users/theamol/.m2/repository/org/springframework/boot/spring-boot-autoconfigure/2.7.18/spring-boot-autoconfigure-2.7.18.jar:/Users/theamol/.m2/repository/org/springframework/boot/spring-boot-starter-logging/2.7.18/spring-boot-starter-logging-2.7.18.jar:/Users/theamol/.m2/repository/ch/qos/logback/logback-classic/1.2.12/logback-classic-1.2.12.jar:/Users/theamol/.m2/repository/ch/qos/logback/logback-core/1.2.12/logback-core-1.2.12.jar:/Users/theamol/.m2/repository/org/apache/logging/log4j/log4j-to-slf4j/2.17.2/log4j-to-slf4j-2.17.2.jar:/Users/theamol/.m2/repository/org/apache/logging/log4j/log4j-api/2.17.2/log4j-api-2.17.2.jar:/Users/theamol/.m2/repository/org/slf4j/jul-to-slf4j/1.7.36/jul-to-slf4j-1.7.36.jar:/Users/theamol/.m2/repository/jakarta/annotation/jakarta.annotation-api/1.3.5/jakarta.annotation-api-1.3.5.jar:/Users/theamol/.m2/repository/org/springframework/spring-core/5.3.31/spring-core-5.3.31.jar:/Users/theamol/.m2/repository/org/springframework/spring-jcl/5.3.31/spring-jcl-5.3.31.jar:/Users/theamol/.m2/repository/org/yaml/snakeyaml/1.30/snakeyaml-1.30.jar:/Users/theamol/.m2/repository/org/springframework/boot/spring-boot-starter-data-jpa/2.7.18/spring-boot-starter-data-jpa-2.7.18.jar:/Users/theamol/.m2/repository/org/springframework/boot/spring-boot-starter-aop/2.7.18/spring-boot-starter-aop-2.7.18.jar:/Users/theamol/.m2/repository/org/springframework/spring-aop/5.3.31/spring-aop-5.3.31.jar:/Users/theamol/.m2/repository/org/aspectj/aspectjweaver/1.9.7/aspectjweaver-1.9.7.jar:/Users/theamol/.m2/repository/org/springframework/boot/spring-boot-starter-jdbc/2.7.18/spring-boot-starter-jdbc-2.7.18.jar:/Users/theamol/.m2/repository/com/zaxxer/HikariCP/4.0.3/HikariCP-4.0.3.jar:/Users/theamol/.m2/repository/org/springframework/spring-jdbc/5.3.31/spring-jdbc-5.3.31.jar:/Users/theamol/.m2/repository/jakarta/transaction/jakarta.transaction-api/1.3.3/jakarta.transaction-api-1.3.3.jar:/Users/theamol/.m2/repository/jakarta/persistence/jakarta.persistence-api/2.2.3/jakarta.persistence-api-2.2.3.jar:/Users/theamol/.m2/repository/org/hibernate/hibernate-core/5.6.15.Final/hibernate-core-5.6.15.Final.jar:/Users/theamol/.m2/repository/org/jboss/logging/jboss-logging/3.4.3.Final/jboss-logging-3.4.3.Final.jar:/Users/theamol/.m2/repository/antlr/antlr/2.7.7/antlr-2.7.7.jar:/Users/theamol/.m2/repository/org/jboss/jandex/2.4.2.Final/jandex-2.4.2.Final.jar:/Users/theamol/.m2/repository/com/fasterxml/classmate/1.5.1/classmate-1.5.1.jar:/Users/theamol/.m2/repository/org/hibernate/common/hibernate-commons-annotations/5.1.2.Final/hibernate-commons-annotations-5.1.2.Final.jar:/Users/theamol/.m2/repository/org/springframework/data/spring-data-jpa/2.7.18/spring-data-jpa-2.7.18.jar:/Users/theamol/.m2/repository/org/springframework/data/spring-data-commons/2.7.18/spring-data-commons-2.7.18.jar:/Users/theamol/.m2/repository/org/springframework/spring-orm/5.3.31/spring-orm-5.3.31.jar:/Users/theamol/.m2/repository/org/springframework/spring-tx/5.3.31/spring-tx-5.3.31.jar:/Users/theamol/.m2/repository/org/springframework/spring-beans/5.3.31/spring-beans-5.3.31.jar:/Users/theamol/.m2/repository/org/slf4j/slf4j-api/1.7.32/slf4j-api-1.7.32.jar:/Users/theamol/.m2/repository/org/springframework/spring-aspects/5.3.31/spring-aspects-5.3.31.jar:/Users/theamol/.m2/repository/org/postgresql/postgresql/42.7.3/postgresql-42.7.3.jar:/Users/theamol/.m2/repository/org/checkerframework/checker-qual/3.42.0/checker-qual-3.42.0.jar:/Users/theamol/.m2/repository/org/springframework/boot/spring-boot-starter-data-neo4j/2.7.18/spring-boot-starter-data-neo4j-2.7.18.jar:/Users/theamol/.m2/repository/org/springframework/data/spring-data-neo4j/6.3.18/spring-data-neo4j-6.3.18.jar:/Users/theamol/.m2/repository/org/apiguardian/apiguardian-api/1.1.1/apiguardian-api-1.1.1.jar:/Users/theamol/.m2/repository/org/neo4j/neo4j-cypher-dsl/2022.8.5/neo4j-cypher-dsl-2022.8.5.jar:/Users/theamol/.m2/repository/org/neo4j/driver/neo4j-java-driver/4.4.12/neo4j-java-driver-4.4.12.jar:/Users/theamol/.m2/repository/org/reactivestreams/reactive-streams/1.0.4/reactive-streams-1.0.4.jar:/Users/theamol/.m2/repository/org/springframework/boot/spring-boot-starter-validation/2.7.18/spring-boot-starter-validation-2.7.18.jar:/Users/theamol/.m2/repository/org/apache/tomcat/embed/tomcat-embed-el/9.0.83/tomcat-embed-el-9.0.83.jar:/Users/theamol/.m2/repository/org/hibernate/validator/hibernate-validator/6.2.5.Final/hibernate-validator-6.2.5.Final.jar:/Users/theamol/.m2/repository/jakarta/validation/jakarta.validation-api/2.0.2/jakarta.validation-api-2.0.2.jar:/Users/theamol/.m2/repository/org/projectlombok/lombok/1.18.32/lombok-1.18.32.jar:/Users/theamol/.m2/repository/org/junit/jupiter/junit-jupiter/5.10.2/junit-jupiter-5.10.2.jar:/Users/theamol/.m2/repository/org/junit/jupiter/junit-jupiter-api/5.10.2/junit-jupiter-api-5.10.2.jar:/Users/theamol/.m2/repository/org/opentest4j/opentest4j/1.3.0/opentest4j-1.3.0.jar:/Users/theamol/.m2/repository/org/junit/platform/junit-platform-commons/1.10.2/junit-platform-commons-1.10.2.jar:/Users/theamol/.m2/repository/org/junit/jupiter/junit-jupiter-params/5.10.2/junit-jupiter-params-5.10.2.jar:/Users/theamol/.m2/repository/org/junit/jupiter/junit-jupiter-engine/5.10.2/junit-jupiter-engine-5.10.2.jar:/Users/theamol/.m2/repository/org/junit/platform/junit-platform-engine/1.10.2/junit-platform-engine-1.10.2.jar:/Users/theamol/.m2/repository/org/mockito/mockito-core/5.2.0/mockito-core-5.2.0.jar:/Users/theamol/.m2/repository/net/bytebuddy/byte-buddy/1.14.1/byte-buddy-1.14.1.jar:/Users/theamol/.m2/repository/net/bytebuddy/byte-buddy-agent/1.14.1/byte-buddy-agent-1.14.1.jar:/Users/theamol/.m2/repository/org/objenesis/objenesis/3.3/objenesis-3.3.jar:/Users/theamol/.m2/repository/org/springframework/boot/spring-boot-starter-web/2.7.18/spring-boot-starter-web-2.7.18.jar:/Users/theamol/.m2/repository/org/springframework/boot/spring-boot-starter-json/2.7.18/spring-boot-starter-json-2.7.18.jar:/Users/theamol/.m2/repository/com/fasterxml/jackson/core/jackson-databind/2.13.5/jackson-databind-2.13.5.jar:/Users/theamol/.m2/repository/com/fasterxml/jackson/core/jackson-annotations/2.13.5/jackson-annotations-2.13.5.jar:/Users/theamol/.m2/repository/com/fasterxml/jackson/core/jackson-core/2.13.5/jackson-core-2.13.5.jar:/Users/theamol/.m2/repository/com/fasterxml/jackson/datatype/jackson-datatype-jdk8/2.13.5/jackson-datatype-jdk8-2.13.5.jar:/Users/theamol/.m2/repository/com/fasterxml/jackson/datatype/jackson-datatype-jsr310/2.13.5/jackson-datatype-jsr310-2.13.5.jar:/Users/theamol/.m2/repository/com/fasterxml/jackson/module/jackson-module-parameter-names/2.13.5/jackson-module-parameter-names-2.13.5.jar:/Users/theamol/.m2/repository/org/springframework/boot/spring-boot-starter-tomcat/2.7.18/spring-boot-starter-tomcat-2.7.18.jar:/Users/theamol/.m2/repository/org/apache/tomcat/embed/tomcat-embed-core/9.0.83/tomcat-embed-core-9.0.83.jar:/Users/theamol/.m2/repository/org/apache/tomcat/embed/tomcat-embed-websocket/9.0.83/tomcat-embed-websocket-9.0.83.jar:/Users/theamol/.m2/repository/org/springframework/spring-web/5.3.31/spring-web-5.3.31.jar:/Users/theamol/.m2/repository/org/springframework/spring-webmvc/5.3.31/spring-webmvc-5.3.31.jar:/Users/theamol/.m2/repository/org/springframework/spring-expression/5.3.31/spring-expression-5.3.31.jar:/Users/theamol/.m2/repository/org/springframework/boot/spring-boot-starter-test/2.7.18/spring-boot-starter-test-2.7.18.jar:/Users/theamol/.m2/repository/org/springframework/boot/spring-boot-test/2.7.18/spring-boot-test-2.7.18.jar:/Users/theamol/.m2/repository/org/springframework/boot/spring-boot-test-autoconfigure/2.7.18/spring-boot-test-autoconfigure-2.7.18.jar:/Users/theamol/.m2/repository/com/jayway/jsonpath/json-path/2.7.0/json-path-2.7.0.jar:/Users/theamol/.m2/repository/net/minidev/json-smart/2.4.7/json-smart-2.4.7.jar:/Users/theamol/.m2/repository/net/minidev/accessors-smart/2.4.7/accessors-smart-2.4.7.jar:/Users/theamol/.m2/repository/org/ow2/asm/asm/9.1/asm-9.1.jar:/Users/theamol/.m2/repository/jakarta/xml/bind/jakarta.xml.bind-api/2.3.3/jakarta.xml.bind-api-2.3.3.jar:/Users/theamol/.m2/repository/jakarta/activation/jakarta.activation-api/1.2.2/jakarta.activation-api-1.2.2.jar:/Users/theamol/.m2/repository/org/assertj/assertj-core/3.22.0/assertj-core-3.22.0.jar:/Users/theamol/.m2/repository/org/hamcrest/hamcrest/2.2/hamcrest-2.2.jar:/Users/theamol/.m2/repository/org/mockito/mockito-junit-jupiter/4.5.1/mockito-junit-jupiter-4.5.1.jar:/Users/theamol/.m2/repository/org/skyscreamer/jsonassert/1.5.1/jsonassert-1.5.1.jar:/Users/theamol/.m2/repository/com/vaadin/external/google/android-json/0.0.20131108.vaadin1/android-json-0.0.20131108.vaadin1.jar:/Users/theamol/.m2/repository/org/springframework/spring-test/5.3.31/spring-test-5.3.31.jar:/Users/theamol/.m2/repository/org/xmlunit/xmlunit-core/2.9.1/xmlunit-core-2.9.1.jar:/Users/theamol/.m2/repository/javax/xml/bind/jaxb-api/2.3.1/jaxb-api-2.3.1.jar:/Users/theamol/.m2/repository/javax/activation/javax.activation-api/1.2.0/javax.activation-api-1.2.0.jar:/Users/theamol/.m2/repository/org/glassfish/jaxb/jaxb-runtime/2.3.1/jaxb-runtime-2.3.1.jar:/Users/theamol/.m2/repository/org/glassfish/jaxb/txw2/2.3.1/txw2-2.3.1.jar:/Users/theamol/.m2/repository/com/sun/istack/istack-commons-runtime/3.0.7/istack-commons-runtime-3.0.7.jar:/Users/theamol/.m2/repository/org/jvnet/staxex/stax-ex/1.8/stax-ex-1.8.jar:/Users/theamol/.m2/repository/com/sun/xml/fastinfoset/FastInfoset/1.2.15/FastInfoset-1.2.15.jar:"/>
    <property name="java.vm.vendor" value="Homebrew"/>
    <property name="sun.arch.data.model" value="64"/>
    <property name="java.vendor.url" value="https://github.com/Homebrew/homebrew-core/issues"/>
    <property name="user.timezone" value="Asia/Qatar"/>
    <property name="os.name" value="Mac OS X"/>
    <property name="java.vm.specification.version" value="24"/>
    <property name="sun.java.launcher" value="SUN_STANDARD"/>
    <property name="user.country" value="QA"/>
    <property name="sun.boot.library.path" value="/opt/homebrew/Cellar/openjdk/24.0.1/libexec/openjdk.jdk/Contents/Home/lib"/>
    <property name="sun.java.command" value="/Users/theamol/Downloads/fresh/Maven/dependency-matrix/target/surefire/surefirebooter-20250705031100562_3.jar /Users/theamol/Downloads/fresh/Maven/dependency-matrix/target/surefire 2025-07-05T03-11-00_526-jvmRun1 surefire-20250705031100562_1tmp surefire_0-20250705031100562_2tmp"/>
    <property name="http.nonProxyHosts" value="local|*.local|169.254/16|*.169.254/16"/>
    <property name="jdk.debug" value="release"/>
    <property name="surefire.test.class.path" value="/Users/theamol/Downloads/fresh/Maven/dependency-matrix/target/test-classes:/Users/theamol/Downloads/fresh/Maven/dependency-matrix/target/classes:/Users/theamol/.m2/repository/org/springframework/boot/spring-boot-starter/2.7.18/spring-boot-starter-2.7.18.jar:/Users/theamol/.m2/repository/org/springframework/boot/spring-boot/2.7.18/spring-boot-2.7.18.jar:/Users/theamol/.m2/repository/org/springframework/spring-context/5.3.31/spring-context-5.3.31.jar:/Users/theamol/.m2/repository/org/springframework/boot/spring-boot-autoconfigure/2.7.18/spring-boot-autoconfigure-2.7.18.jar:/Users/theamol/.m2/repository/org/springframework/boot/spring-boot-starter-logging/2.7.18/spring-boot-starter-logging-2.7.18.jar:/Users/theamol/.m2/repository/ch/qos/logback/logback-classic/1.2.12/logback-classic-1.2.12.jar:/Users/theamol/.m2/repository/ch/qos/logback/logback-core/1.2.12/logback-core-1.2.12.jar:/Users/theamol/.m2/repository/org/apache/logging/log4j/log4j-to-slf4j/2.17.2/log4j-to-slf4j-2.17.2.jar:/Users/theamol/.m2/repository/org/apache/logging/log4j/log4j-api/2.17.2/log4j-api-2.17.2.jar:/Users/theamol/.m2/repository/org/slf4j/jul-to-slf4j/1.7.36/jul-to-slf4j-1.7.36.jar:/Users/theamol/.m2/repository/jakarta/annotation/jakarta.annotation-api/1.3.5/jakarta.annotation-api-1.3.5.jar:/Users/theamol/.m2/repository/org/springframework/spring-core/5.3.31/spring-core-5.3.31.jar:/Users/theamol/.m2/repository/org/springframework/spring-jcl/5.3.31/spring-jcl-5.3.31.jar:/Users/theamol/.m2/repository/org/yaml/snakeyaml/1.30/snakeyaml-1.30.jar:/Users/theamol/.m2/repository/org/springframework/boot/spring-boot-starter-data-jpa/2.7.18/spring-boot-starter-data-jpa-2.7.18.jar:/Users/theamol/.m2/repository/org/springframework/boot/spring-boot-starter-aop/2.7.18/spring-boot-starter-aop-2.7.18.jar:/Users/theamol/.m2/repository/org/springframework/spring-aop/5.3.31/spring-aop-5.3.31.jar:/Users/theamol/.m2/repository/org/aspectj/aspectjweaver/1.9.7/aspectjweaver-1.9.7.jar:/Users/theamol/.m2/repository/org/springframework/boot/spring-boot-starter-jdbc/2.7.18/spring-boot-starter-jdbc-2.7.18.jar:/Users/theamol/.m2/repository/com/zaxxer/HikariCP/4.0.3/HikariCP-4.0.3.jar:/Users/theamol/.m2/repository/org/springframework/spring-jdbc/5.3.31/spring-jdbc-5.3.31.jar:/Users/theamol/.m2/repository/jakarta/transaction/jakarta.transaction-api/1.3.3/jakarta.transaction-api-1.3.3.jar:/Users/theamol/.m2/repository/jakarta/persistence/jakarta.persistence-api/2.2.3/jakarta.persistence-api-2.2.3.jar:/Users/theamol/.m2/repository/org/hibernate/hibernate-core/5.6.15.Final/hibernate-core-5.6.15.Final.jar:/Users/theamol/.m2/repository/org/jboss/logging/jboss-logging/3.4.3.Final/jboss-logging-3.4.3.Final.jar:/Users/theamol/.m2/repository/antlr/antlr/2.7.7/antlr-2.7.7.jar:/Users/theamol/.m2/repository/org/jboss/jandex/2.4.2.Final/jandex-2.4.2.Final.jar:/Users/theamol/.m2/repository/com/fasterxml/classmate/1.5.1/classmate-1.5.1.jar:/Users/theamol/.m2/repository/org/hibernate/common/hibernate-commons-annotations/5.1.2.Final/hibernate-commons-annotations-5.1.2.Final.jar:/Users/theamol/.m2/repository/org/springframework/data/spring-data-jpa/2.7.18/spring-data-jpa-2.7.18.jar:/Users/theamol/.m2/repository/org/springframework/data/spring-data-commons/2.7.18/spring-data-commons-2.7.18.jar:/Users/theamol/.m2/repository/org/springframework/spring-orm/5.3.31/spring-orm-5.3.31.jar:/Users/theamol/.m2/repository/org/springframework/spring-tx/5.3.31/spring-tx-5.3.31.jar:/Users/theamol/.m2/repository/org/springframework/spring-beans/5.3.31/spring-beans-5.3.31.jar:/Users/theamol/.m2/repository/org/slf4j/slf4j-api/1.7.32/slf4j-api-1.7.32.jar:/Users/theamol/.m2/repository/org/springframework/spring-aspects/5.3.31/spring-aspects-5.3.31.jar:/Users/theamol/.m2/repository/org/postgresql/postgresql/42.7.3/postgresql-42.7.3.jar:/Users/theamol/.m2/repository/org/checkerframework/checker-qual/3.42.0/checker-qual-3.42.0.jar:/Users/theamol/.m2/repository/org/springframework/boot/spring-boot-starter-data-neo4j/2.7.18/spring-boot-starter-data-neo4j-2.7.18.jar:/Users/theamol/.m2/repository/org/springframework/data/spring-data-neo4j/6.3.18/spring-data-neo4j-6.3.18.jar:/Users/theamol/.m2/repository/org/apiguardian/apiguardian-api/1.1.1/apiguardian-api-1.1.1.jar:/Users/theamol/.m2/repository/org/neo4j/neo4j-cypher-dsl/2022.8.5/neo4j-cypher-dsl-2022.8.5.jar:/Users/theamol/.m2/repository/org/neo4j/driver/neo4j-java-driver/4.4.12/neo4j-java-driver-4.4.12.jar:/Users/theamol/.m2/repository/org/reactivestreams/reactive-streams/1.0.4/reactive-streams-1.0.4.jar:/Users/theamol/.m2/repository/org/springframework/boot/spring-boot-starter-validation/2.7.18/spring-boot-starter-validation-2.7.18.jar:/Users/theamol/.m2/repository/org/apache/tomcat/embed/tomcat-embed-el/9.0.83/tomcat-embed-el-9.0.83.jar:/Users/theamol/.m2/repository/org/hibernate/validator/hibernate-validator/6.2.5.Final/hibernate-validator-6.2.5.Final.jar:/Users/theamol/.m2/repository/jakarta/validation/jakarta.validation-api/2.0.2/jakarta.validation-api-2.0.2.jar:/Users/theamol/.m2/repository/org/projectlombok/lombok/1.18.32/lombok-1.18.32.jar:/Users/theamol/.m2/repository/org/junit/jupiter/junit-jupiter/5.10.2/junit-jupiter-5.10.2.jar:/Users/theamol/.m2/repository/org/junit/jupiter/junit-jupiter-api/5.10.2/junit-jupiter-api-5.10.2.jar:/Users/theamol/.m2/repository/org/opentest4j/opentest4j/1.3.0/opentest4j-1.3.0.jar:/Users/theamol/.m2/repository/org/junit/platform/junit-platform-commons/1.10.2/junit-platform-commons-1.10.2.jar:/Users/theamol/.m2/repository/org/junit/jupiter/junit-jupiter-params/5.10.2/junit-jupiter-params-5.10.2.jar:/Users/theamol/.m2/repository/org/junit/jupiter/junit-jupiter-engine/5.10.2/junit-jupiter-engine-5.10.2.jar:/Users/theamol/.m2/repository/org/junit/platform/junit-platform-engine/1.10.2/junit-platform-engine-1.10.2.jar:/Users/theamol/.m2/repository/org/mockito/mockito-core/5.2.0/mockito-core-5.2.0.jar:/Users/theamol/.m2/repository/net/bytebuddy/byte-buddy/1.14.1/byte-buddy-1.14.1.jar:/Users/theamol/.m2/repository/net/bytebuddy/byte-buddy-agent/1.14.1/byte-buddy-agent-1.14.1.jar:/Users/theamol/.m2/repository/org/objenesis/objenesis/3.3/objenesis-3.3.jar:/Users/theamol/.m2/repository/org/springframework/boot/spring-boot-starter-web/2.7.18/spring-boot-starter-web-2.7.18.jar:/Users/theamol/.m2/repository/org/springframework/boot/spring-boot-starter-json/2.7.18/spring-boot-starter-json-2.7.18.jar:/Users/theamol/.m2/repository/com/fasterxml/jackson/core/jackson-databind/2.13.5/jackson-databind-2.13.5.jar:/Users/theamol/.m2/repository/com/fasterxml/jackson/core/jackson-annotations/2.13.5/jackson-annotations-2.13.5.jar:/Users/theamol/.m2/repository/com/fasterxml/jackson/core/jackson-core/2.13.5/jackson-core-2.13.5.jar:/Users/theamol/.m2/repository/com/fasterxml/jackson/datatype/jackson-datatype-jdk8/2.13.5/jackson-datatype-jdk8-2.13.5.jar:/Users/theamol/.m2/repository/com/fasterxml/jackson/datatype/jackson-datatype-jsr310/2.13.5/jackson-datatype-jsr310-2.13.5.jar:/Users/theamol/.m2/repository/com/fasterxml/jackson/module/jackson-module-parameter-names/2.13.5/jackson-module-parameter-names-2.13.5.jar:/Users/theamol/.m2/repository/org/springframework/boot/spring-boot-starter-tomcat/2.7.18/spring-boot-starter-tomcat-2.7.18.jar:/Users/theamol/.m2/repository/org/apache/tomcat/embed/tomcat-embed-core/9.0.83/tomcat-embed-core-9.0.83.jar:/Users/theamol/.m2/repository/org/apache/tomcat/embed/tomcat-embed-websocket/9.0.83/tomcat-embed-websocket-9.0.83.jar:/Users/theamol/.m2/repository/org/springframework/spring-web/5.3.31/spring-web-5.3.31.jar:/Users/theamol/.m2/repository/org/springframework/spring-webmvc/5.3.31/spring-webmvc-5.3.31.jar:/Users/theamol/.m2/repository/org/springframework/spring-expression/5.3.31/spring-expression-5.3.31.jar:/Users/theamol/.m2/repository/org/springframework/boot/spring-boot-starter-test/2.7.18/spring-boot-starter-test-2.7.18.jar:/Users/theamol/.m2/repository/org/springframework/boot/spring-boot-test/2.7.18/spring-boot-test-2.7.18.jar:/Users/theamol/.m2/repository/org/springframework/boot/spring-boot-test-autoconfigure/2.7.18/spring-boot-test-autoconfigure-2.7.18.jar:/Users/theamol/.m2/repository/com/jayway/jsonpath/json-path/2.7.0/json-path-2.7.0.jar:/Users/theamol/.m2/repository/net/minidev/json-smart/2.4.7/json-smart-2.4.7.jar:/Users/theamol/.m2/repository/net/minidev/accessors-smart/2.4.7/accessors-smart-2.4.7.jar:/Users/theamol/.m2/repository/org/ow2/asm/asm/9.1/asm-9.1.jar:/Users/theamol/.m2/repository/jakarta/xml/bind/jakarta.xml.bind-api/2.3.3/jakarta.xml.bind-api-2.3.3.jar:/Users/theamol/.m2/repository/jakarta/activation/jakarta.activation-api/1.2.2/jakarta.activation-api-1.2.2.jar:/Users/theamol/.m2/repository/org/assertj/assertj-core/3.22.0/assertj-core-3.22.0.jar:/Users/theamol/.m2/repository/org/hamcrest/hamcrest/2.2/hamcrest-2.2.jar:/Users/theamol/.m2/repository/org/mockito/mockito-junit-jupiter/4.5.1/mockito-junit-jupiter-4.5.1.jar:/Users/theamol/.m2/repository/org/skyscreamer/jsonassert/1.5.1/jsonassert-1.5.1.jar:/Users/theamol/.m2/repository/com/vaadin/external/google/android-json/0.0.20131108.vaadin1/android-json-0.0.20131108.vaadin1.jar:/Users/theamol/.m2/repository/org/springframework/spring-test/5.3.31/spring-test-5.3.31.jar:/Users/theamol/.m2/repository/org/xmlunit/xmlunit-core/2.9.1/xmlunit-core-2.9.1.jar:/Users/theamol/.m2/repository/javax/xml/bind/jaxb-api/2.3.1/jaxb-api-2.3.1.jar:/Users/theamol/.m2/repository/javax/activation/javax.activation-api/1.2.0/javax.activation-api-1.2.0.jar:/Users/theamol/.m2/repository/org/glassfish/jaxb/jaxb-runtime/2.3.1/jaxb-runtime-2.3.1.jar:/Users/theamol/.m2/repository/org/glassfish/jaxb/txw2/2.3.1/txw2-2.3.1.jar:/Users/theamol/.m2/repository/com/sun/istack/istack-commons-runtime/3.0.7/istack-commons-runtime-3.0.7.jar:/Users/theamol/.m2/repository/org/jvnet/staxex/stax-ex/1.8/stax-ex-1.8.jar:/Users/theamol/.m2/repository/com/sun/xml/fastinfoset/FastInfoset/1.2.15/FastInfoset-1.2.15.jar:"/>
    <property name="sun.cpu.endian" value="little"/>
    <property name="user.home" value="/Users/theamol"/>
    <property name="user.language" value="en"/>
    <property name="java.specification.vendor" value="Oracle Corporation"/>
    <property name="java.version.date" value="2025-04-15"/>
    <property name="java.home" value="/opt/homebrew/Cellar/openjdk/24.0.1/libexec/openjdk.jdk/Contents/Home"/>
    <property name="file.separator" value="/"/>
    <property name="basedir" value="/Users/theamol/Downloads/fresh/Maven/dependency-matrix"/>
    <property name="java.vm.compressedOopsMode" value="Zero based"/>
    <property name="line.separator" value="&#10;"/>
    <property name="java.vm.specification.vendor" value="Oracle Corporation"/>
    <property name="java.specification.name" value="Java Platform API Specification"/>
    <property name="apple.awt.application.name" value="ForkedBooter"/>
    <property name="surefire.real.class.path" value="/Users/theamol/Downloads/fresh/Maven/dependency-matrix/target/surefire/surefirebooter-20250705031100562_3.jar"/>
    <property name="sun.management.compiler" value="HotSpot 64-Bit Tiered Compilers"/>
    <property name="ftp.nonProxyHosts" value="local|*.local|169.254/16|*.169.254/16"/>
    <property name="java.runtime.version" value="24.0.1"/>
    <property name="user.name" value="theamol"/>
    <property name="stdout.encoding" value="UTF-8"/>
    <property name="path.separator" value=":"/>
    <property name="os.version" value="15.5"/>
    <property name="java.runtime.name" value="OpenJDK Runtime Environment"/>
    <property name="file.encoding" value="UTF-8"/>
    <property name="java.vm.name" value="OpenJDK 64-Bit Server VM"/>
    <property name="java.vendor.version" value="Homebrew"/>
    <property name="localRepository" value="/Users/theamol/.m2/repository"/>
    <property name="java.vendor.url.bug" value="https://github.com/Homebrew/homebrew-core/issues"/>
    <property name="java.io.tmpdir" value="/var/folders/jd/kf25rktn1d39m9dm1q0md08h0000gn/T/"/>
    <property name="java.version" value="24.0.1"/>
    <property name="user.dir" value="/Users/theamol/Downloads/fresh/Maven/dependency-matrix"/>
    <property name="os.arch" value="aarch64"/>
    <property name="java.vm.specification.name" value="Java Virtual Machine Specification"/>
    <property name="native.encoding" value="UTF-8"/>
    <property name="java.library.path" value="/Users/theamol/Library/Java/Extensions:/Library/Java/Extensions:/Network/Library/Java/Extensions:/System/Library/Java/Extensions:/usr/lib/java:."/>
    <property name="java.vm.info" value="mixed mode, sharing"/>
    <property name="stderr.encoding" value="UTF-8"/>
    <property name="java.vendor" value="Homebrew"/>
    <property name="java.vm.version" value="24.0.1"/>
    <property name="sun.io.unicode.encoding" value="UnicodeBig"/>
    <property name="socksNonProxyHosts" value="local|*.local|169.254/16|*.169.254/16"/>
    <property name="java.class.version" value="68.0"/>
  </properties>
  <testcase name="resolveClaimsShouldHandleNullConfidenceScore" classname="com.enterprise.dependency.engine.ConflictResolutionEngineTest" time="0.0">
    <system-out><![CDATA[03:11:00.999 [main] DEBUG com.enterprise.dependency.model.core.Claim - Validated Claim: Claim{id='claim-no-score', sourceType='ROUTER_LOG', rawData='no score', processedData='app-a -> app-b', timestamp=2025-07-05T00:11:00.999586Z}
03:11:00.999 [main] DEBUG com.enterprise.dependency.engine.ConflictResolutionEngine - Single claim provided, no conflict resolution needed
03:11:00.999 [main] DEBUG com.enterprise.dependency.model.core.Claim - Validated Claim: Claim{id='claim-no-score', sourceType='ROUTER_LOG', rawData='no score', processedData='app-a -> app-b', timestamp=2025-07-05T00:11:00.999586Z}
]]></system-out>
  </testcase>
  <testcase name="resolveClaimsShouldReturnEmptyListForNullInput" classname="com.enterprise.dependency.engine.ConflictResolutionEngineTest" time="0.001">
    <system-out><![CDATA[03:11:01.000 [main] WARN com.enterprise.dependency.engine.ConflictResolutionEngine - No claims provided for conflict resolution
]]></system-out>
  </testcase>
  <testcase name="resolveClaimsShouldReturnEmptyListForEmptyInput" classname="com.enterprise.dependency.engine.ConflictResolutionEngineTest" time="0.0">
    <system-out><![CDATA[03:11:01.000 [main] WARN com.enterprise.dependency.engine.ConflictResolutionEngine - No claims provided for conflict resolution
]]></system-out>
  </testcase>
  <testcase name="resolveClaimsShouldHandleMultipleDifferentDependencies" classname="com.enterprise.dependency.engine.ConflictResolutionEngineTest" time="0.001">
    <system-out><![CDATA[03:11:01.001 [main] DEBUG com.enterprise.dependency.model.core.Claim - Validated Claim: Claim{id='claim-001', sourceType='CODEBASE', rawData='dep1', processedData='app-a -> app-b', timestamp=2025-07-05T00:11:01.001073Z}
03:11:01.001 [main] DEBUG com.enterprise.dependency.model.core.Claim - Validated Claim: Claim{id='claim-002', sourceType='ROUTER_LOG', rawData='dep2', processedData='app-c -> app-d', timestamp=2025-07-05T00:11:01.001129Z}
03:11:01.001 [main] INFO com.enterprise.dependency.engine.ConflictResolutionEngine - Resolving conflicts for 2 claims
03:11:01.001 [main] INFO com.enterprise.dependency.engine.ConflictResolutionEngine - Resolved 2 claim groups into 2 final claims
]]></system-out>
  </testcase>
  <testcase name="resolveClaimsShouldPreferRecentClaimsOverOldClaims" classname="com.enterprise.dependency.engine.ConflictResolutionEngineTest" time="0.002">
    <system-out><![CDATA[03:11:01.002 [main] DEBUG com.enterprise.dependency.model.core.Claim - Validated Claim: Claim{id='claim-recent', sourceType='ROUTER_LOG', rawData='recent log', processedData='app-x -> app-y', timestamp=2025-07-05T00:11:01.002309Z}
03:11:01.002 [main] DEBUG com.enterprise.dependency.model.core.Claim - Validated Claim: Claim{id='claim-old', sourceType='ROUTER_LOG', rawData='old log', processedData='app-x -> app-y', timestamp=2025-07-03T00:11:01.002309Z}
03:11:01.002 [main] INFO com.enterprise.dependency.engine.ConflictResolutionEngine - Resolving conflicts for 2 claims
03:11:01.002 [main] DEBUG com.enterprise.dependency.engine.ConflictResolutionEngine - Resolving 2 conflicting claims for dependency: app-x -> app-y
03:11:01.004 [main] DEBUG com.enterprise.dependency.engine.ConflictResolutionEngine - Claim claim-recent weights - base: {:.3f}, source: {:.3f}, recency: {:.3f}, frequency: {:.3f}, final: {:.3f}
03:11:01.004 [main] DEBUG com.enterprise.dependency.engine.ConflictResolutionEngine - Claim claim-recent weighted score: {:.3f}
03:11:01.004 [main] DEBUG com.enterprise.dependency.engine.ConflictResolutionEngine - Claim claim-old weights - base: {:.3f}, source: {:.3f}, recency: {:.3f}, frequency: {:.3f}, final: {:.3f}
03:11:01.004 [main] DEBUG com.enterprise.dependency.engine.ConflictResolutionEngine - Claim claim-old weighted score: {:.3f}
03:11:01.004 [main] INFO com.enterprise.dependency.engine.ConflictResolutionEngine - Resolved conflict: selected claim claim-recent with confidence 0.7480000000000001
03:11:01.004 [main] DEBUG com.enterprise.dependency.model.core.Claim - Validated Claim: Claim{id='claim-recent_resolved', sourceType='CONFLICT_RESOLVED', rawData='recent log', processedData='app-x -> app-y', timestamp=2025-07-05T00:11:01.004635Z}
03:11:01.004 [main] INFO com.enterprise.dependency.engine.ConflictResolutionEngine - Resolved 1 claim groups into 1 final claims
]]></system-out>
  </testcase>
  <testcase name="resolveClaimsShouldPreferCodebaseOverRouterLog" classname="com.enterprise.dependency.engine.ConflictResolutionEngineTest" time="0.001">
    <system-out><![CDATA[03:11:01.005 [main] DEBUG com.enterprise.dependency.model.core.Claim - Validated Claim: Claim{id='claim-codebase', sourceType='CODEBASE', rawData='maven dependency', processedData='user-service -> database', timestamp=2025-07-05T00:11:01.005073Z}
03:11:01.005 [main] DEBUG com.enterprise.dependency.model.core.Claim - Validated Claim: Claim{id='claim-router', sourceType='ROUTER_LOG', rawData='HTTP request log', processedData='user-service -> database', timestamp=2025-07-05T00:11:01.005073Z}
03:11:01.005 [main] INFO com.enterprise.dependency.engine.ConflictResolutionEngine - Resolving conflicts for 2 claims
03:11:01.005 [main] DEBUG com.enterprise.dependency.engine.ConflictResolutionEngine - Resolving 2 conflicting claims for dependency: user-service -> database
03:11:01.005 [main] DEBUG com.enterprise.dependency.engine.ConflictResolutionEngine - Claim claim-codebase weights - base: {:.3f}, source: {:.3f}, recency: {:.3f}, frequency: {:.3f}, final: {:.3f}
03:11:01.005 [main] DEBUG com.enterprise.dependency.engine.ConflictResolutionEngine - Claim claim-codebase weighted score: {:.3f}
03:11:01.005 [main] DEBUG com.enterprise.dependency.engine.ConflictResolutionEngine - Claim claim-router weights - base: {:.3f}, source: {:.3f}, recency: {:.3f}, frequency: {:.3f}, final: {:.3f}
03:11:01.005 [main] DEBUG com.enterprise.dependency.engine.ConflictResolutionEngine - Claim claim-router weighted score: {:.3f}
03:11:01.005 [main] INFO com.enterprise.dependency.engine.ConflictResolutionEngine - Resolved conflict: selected claim claim-codebase with confidence 0.99275
03:11:01.005 [main] DEBUG com.enterprise.dependency.model.core.Claim - Validated Claim: Claim{id='claim-codebase_resolved', sourceType='CONFLICT_RESOLVED', rawData='maven dependency', processedData='user-service -> database', timestamp=2025-07-05T00:11:01.005268Z}
03:11:01.005 [main] INFO com.enterprise.dependency.engine.ConflictResolutionEngine - Resolved 1 claim groups into 1 final claims
]]></system-out>
  </testcase>
  <testcase name="resolveClaimsShouldReturnSameClaimForSingleInput" classname="com.enterprise.dependency.engine.ConflictResolutionEngineTest" time="0.0">
    <system-out><![CDATA[03:11:01.005 [main] DEBUG com.enterprise.dependency.model.core.Claim - Validated Claim: Claim{id='claim-001', sourceType='CODEBASE', rawData='dependency info', processedData='app-a -> app-b', timestamp=2025-07-05T00:11:01.005623Z}
03:11:01.005 [main] DEBUG com.enterprise.dependency.engine.ConflictResolutionEngine - Single claim provided, no conflict resolution needed
]]></system-out>
  </testcase>
  <testcase name="applyBusinessRulesShouldReturnSameClaimForNow" classname="com.enterprise.dependency.engine.ConflictResolutionEngineTest" time="0.001">
    <system-out><![CDATA[03:11:01.005 [main] DEBUG com.enterprise.dependency.model.core.Claim - Validated Claim: Claim{id='claim-001', sourceType='CODEBASE', rawData='business rule test', processedData='app-a -> app-b', timestamp=2025-07-05T00:11:01.005987Z}
03:11:01.006 [main] DEBUG com.enterprise.dependency.engine.ConflictResolutionEngine - Applied business rules to claim: claim-001
]]></system-out>
  </testcase>
</testsuite>